INFO:root:time 2024-03-20T14:23:29 : 138930  annual_financials_info 수집 불가 
INFO:root:time 2024-03-20T14:23:48 : 016610  annual_financials_info 수집 불가 
INFO:root:time 2024-03-20T14:23:50 : 005830  annual_financials_info 수집 불가 
INFO:root:time 2024-03-20T14:23:52 : 139130  annual_financials_info 수집 불가 
INFO:root:time 2024-03-20T14:24:39 : 204320  annual_financials_info 수집 불가 
INFO:root:time 2024-03-20T14:24:45 : 175330  annual_financials_info 수집 불가 
INFO:root:time 2024-03-20T14:24:53 : 105560  annual_financials_info 수집 불가 
INFO:root:time 2024-03-20T14:25:59 : 005940  annual_financials_info 수집 불가 
INFO:root:time 2024-03-20T14:26:00 : 005945  annual_financials_info 수집 불가 
INFO:root:time 2024-03-20T14:26:49 : 001510  annual_financials_info 수집 불가 
INFO:root:time 2024-03-20T14:26:50 : 001515  annual_financials_info 수집 불가 
INFO:root:time 2024-03-20T14:27:45 : 030610  annual_financials_info 수집 불가 
INFO:root:time 2024-03-20T14:28:12 : 024110  annual_financials_info 수집 불가 
INFO:root:time 2024-03-20T14:28:47 : 030210  annual_financials_info 수집 불가 
INFO:root:time 2024-03-20T14:29:14 : 003540  annual_financials_info 수집 불가 
INFO:root:time 2024-03-20T14:29:15 : 003547  annual_financials_info 수집 불가 
INFO:root:time 2024-03-20T14:29:16 : 003545  annual_financials_info 수집 불가 
INFO:root:time 2024-03-20T14:30:26 : 082640  annual_financials_info 수집 불가 
INFO:root:time 2024-03-20T14:31:11 : 000400  annual_financials_info 수집 불가 
INFO:root:time 2024-03-20T14:31:33 : 138040  annual_financials_info 수집 불가 
INFO:root:time 2024-03-20T14:31:53 : 085620  annual_financials_info 수집 불가 
INFO:root:time 2024-03-20T14:31:54 : 006800  annual_financials_info 수집 불가 
INFO:root:time 2024-03-20T14:31:55 : 00680K  annual_financials_info 수집 불가 
INFO:root:time 2024-03-20T14:31:56 : 006805  annual_financials_info 수집 불가 
INFO:root:time 2024-03-20T14:32:17 : 001270  annual_financials_info 수집 불가 
INFO:root:time 2024-03-20T14:32:18 : 001275  annual_financials_info 수집 불가 
INFO:root:time 2024-03-20T14:32:47 : 032830  annual_financials_info 수집 불가 
INFO:root:time 2024-03-20T14:32:59 : 016360  annual_financials_info 수집 불가 
INFO:root:time 2024-03-20T14:33:01 : 029780  annual_financials_info 수집 불가 
INFO:root:time 2024-03-20T14:33:03 : 000810  annual_financials_info 수집 불가 
INFO:root:time 2024-03-20T14:33:04 : 000815  annual_financials_info 수집 불가 
INFO:root:time 2024-03-20T14:33:37 : 001290  annual_financials_info 수집 불가 
INFO:root:time 2024-03-20T14:34:54 : 001720  annual_financials_info 수집 불가 
INFO:root:time 2024-03-20T14:34:55 : 001725  annual_financials_info 수집 불가 
INFO:root:time 2024-03-20T14:35:06 : 055550  annual_financials_info 수집 불가 
INFO:root:time 2024-03-20T14:36:26 : 316140  annual_financials_info 수집 불가 
INFO:root:time 2024-03-20T14:36:51 : 003470  annual_financials_info 수집 불가 
INFO:root:time 2024-03-20T14:36:52 : 003475  annual_financials_info 수집 불가 
INFO:root:time 2024-03-20T14:36:59 : 001200  annual_financials_info 수집 불가 
INFO:root:time 2024-03-20T14:37:03 : 003460  annual_financials_info 수집 불가 
INFO:root:time 2024-03-20T14:37:04 : 003465  annual_financials_info 수집 불가 
INFO:root:time 2024-03-20T14:38:08 : 006220  annual_financials_info 수집 불가 
INFO:root:time 2024-03-20T14:38:49 : 323410  annual_financials_info 수집 불가 
INFO:root:time 2024-03-20T14:39:05 : 003690  annual_financials_info 수집 불가 
INFO:root:time 2024-03-20T14:39:38 : 039490  annual_financials_info 수집 불가 
INFO:root:time 2024-03-20T14:40:27 : 086790  annual_financials_info 수집 불가 
INFO:root:time 2024-03-20T14:40:43 : 071050  annual_financials_info 수집 불가 
INFO:root:time 2024-03-20T14:40:45 : 071055  annual_financials_info 수집 불가 
INFO:root:time 2024-03-20T14:41:44 : 001750  annual_financials_info 수집 불가 
INFO:root:time 2024-03-20T14:41:46 : 001755  annual_financials_info 수집 불가 
INFO:root:time 2024-03-20T14:42:15 : 088350  annual_financials_info 수집 불가 
INFO:root:time 2024-03-20T14:42:17 : 000370  annual_financials_info 수집 불가 
INFO:root:time 2024-03-20T14:42:27 : 003530  annual_financials_info 수집 불가 
INFO:root:time 2024-03-20T14:42:28 : 003535  annual_financials_info 수집 불가 
INFO:root:time 2024-03-20T14:42:59 : 001500  annual_financials_info 수집 불가 
INFO:root:time 2024-03-20T14:43:04 : 001450  annual_financials_info 수집 불가 
INFO:root:time 2024-03-20T14:43:41 : 000540  annual_financials_info 수집 불가 
INFO:root:time 2024-03-20T14:43:43 : 000545  annual_financials_info 수집 불가 
INFO:matplotlib.category:Using categorical units to plot a list of strings that are all parsable as floats or dates. If these strings should be plotted as numbers, cast to the appropriate data type before plotting.
INFO:matplotlib.category:Using categorical units to plot a list of strings that are all parsable as floats or dates. If these strings should be plotted as numbers, cast to the appropriate data type before plotting.
INFO:matplotlib.category:Using categorical units to plot a list of strings that are all parsable as floats or dates. If these strings should be plotted as numbers, cast to the appropriate data type before plotting.
INFO:matplotlib.category:Using categorical units to plot a list of strings that are all parsable as floats or dates. If these strings should be plotted as numbers, cast to the appropriate data type before plotting.
INFO:root:time 2024-03-20T15:46:08 : 138930  annual_quarterly_financials_info 수집 불가 
INFO:root:time 2024-03-20T15:46:25 : 016610  annual_quarterly_financials_info 수집 불가 
INFO:root:time 2024-03-20T15:46:27 : 005830  annual_quarterly_financials_info 수집 불가 
INFO:root:time 2024-03-20T15:46:29 : 139130  annual_quarterly_financials_info 수집 불가 
INFO:root:time 2024-03-20T15:47:12 : 204320  annual_quarterly_financials_info 수집 불가 
INFO:root:time 2024-03-20T15:47:17 : 175330  annual_quarterly_financials_info 수집 불가 
INFO:root:time 2024-03-20T15:47:25 : 105560  annual_quarterly_financials_info 수집 불가 
INFO:root:time 2024-03-20T15:48:25 : 005940  annual_quarterly_financials_info 수집 불가 
INFO:root:time 2024-03-20T15:48:26 : 005945  annual_quarterly_financials_info 수집 불가 
INFO:root:time 2024-03-20T15:49:10 : 001510  annual_quarterly_financials_info 수집 불가 
INFO:root:time 2024-03-20T15:49:11 : 001515  annual_quarterly_financials_info 수집 불가 
INFO:root:time 2024-03-20T15:50:03 : 030610  annual_quarterly_financials_info 수집 불가 
INFO:root:time 2024-03-20T15:50:27 : 024110  annual_quarterly_financials_info 수집 불가 
INFO:root:time 2024-03-20T15:50:59 : 030210  annual_quarterly_financials_info 수집 불가 
INFO:root:time 2024-03-20T15:51:24 : 003540  annual_quarterly_financials_info 수집 불가 
INFO:root:time 2024-03-20T15:51:25 : 003547  annual_quarterly_financials_info 수집 불가 
INFO:root:time 2024-03-20T15:51:26 : 003545  annual_quarterly_financials_info 수집 불가 
INFO:root:time 2024-03-20T15:52:30 : 082640  annual_quarterly_financials_info 수집 불가 
INFO:root:time 2024-03-20T15:53:12 : 000400  annual_quarterly_financials_info 수집 불가 
INFO:root:time 2024-03-20T15:53:32 : 138040  annual_quarterly_financials_info 수집 불가 
INFO:root:time 2024-03-20T15:53:50 : 085620  annual_quarterly_financials_info 수집 불가 
INFO:root:time 2024-03-20T15:53:51 : 006800  annual_quarterly_financials_info 수집 불가 
INFO:root:time 2024-03-20T15:53:53 : 00680K  annual_quarterly_financials_info 수집 불가 
INFO:root:time 2024-03-20T15:53:54 : 006805  annual_quarterly_financials_info 수집 불가 
INFO:root:time 2024-03-20T15:54:13 : 001270  annual_quarterly_financials_info 수집 불가 
INFO:root:time 2024-03-20T15:54:14 : 001275  annual_quarterly_financials_info 수집 불가 
INFO:root:time 2024-03-20T15:54:41 : 032830  annual_quarterly_financials_info 수집 불가 
INFO:root:time 2024-03-20T15:54:51 : 016360  annual_quarterly_financials_info 수집 불가 
INFO:root:time 2024-03-20T15:54:54 : 029780  annual_quarterly_financials_info 수집 불가 
INFO:root:time 2024-03-20T15:54:55 : 000810  annual_quarterly_financials_info 수집 불가 
INFO:root:time 2024-03-20T15:54:56 : 000815  annual_quarterly_financials_info 수집 불가 
INFO:root:time 2024-03-20T15:55:26 : 001290  annual_quarterly_financials_info 수집 불가 
INFO:root:time 2024-03-20T15:56:37 : 001720  annual_quarterly_financials_info 수집 불가 
INFO:root:time 2024-03-20T15:56:38 : 001725  annual_quarterly_financials_info 수집 불가 
INFO:root:time 2024-03-20T15:56:48 : 055550  annual_quarterly_financials_info 수집 불가 
INFO:root:time 2024-03-20T15:58:02 : 316140  annual_quarterly_financials_info 수집 불가 
INFO:root:time 2024-03-20T15:58:28 : 003470  annual_quarterly_financials_info 수집 불가 
INFO:root:time 2024-03-20T15:58:30 : 003475  annual_quarterly_financials_info 수집 불가 
INFO:root:time 2024-03-20T15:58:36 : 001200  annual_quarterly_financials_info 수집 불가 
INFO:root:time 2024-03-20T15:58:39 : 003460  annual_quarterly_financials_info 수집 불가 
INFO:root:time 2024-03-20T15:58:40 : 003465  annual_quarterly_financials_info 수집 불가 
INFO:root:time 2024-03-20T15:59:40 : 006220  annual_quarterly_financials_info 수집 불가 
INFO:root:time 2024-03-20T16:00:18 : 323410  annual_quarterly_financials_info 수집 불가 
INFO:root:time 2024-03-20T16:00:34 : 003690  annual_quarterly_financials_info 수집 불가 
INFO:root:time 2024-03-20T16:01:05 : 039490  annual_quarterly_financials_info 수집 불가 
INFO:root:time 2024-03-20T16:01:50 : 086790  annual_quarterly_financials_info 수집 불가 
INFO:root:time 2024-03-20T16:02:05 : 071050  annual_quarterly_financials_info 수집 불가 
INFO:root:time 2024-03-20T16:02:07 : 071055  annual_quarterly_financials_info 수집 불가 
INFO:root:time 2024-03-20T16:03:03 : 001750  annual_quarterly_financials_info 수집 불가 
INFO:root:time 2024-03-20T16:03:04 : 001755  annual_quarterly_financials_info 수집 불가 
INFO:root:time 2024-03-20T16:03:32 : 088350  annual_quarterly_financials_info 수집 불가 
INFO:root:time 2024-03-20T16:03:33 : 000370  annual_quarterly_financials_info 수집 불가 
INFO:root:time 2024-03-20T16:03:43 : 003530  annual_quarterly_financials_info 수집 불가 
INFO:root:time 2024-03-20T16:03:44 : 003535  annual_quarterly_financials_info 수집 불가 
INFO:root:time 2024-03-20T16:04:12 : 001500  annual_quarterly_financials_info 수집 불가 
INFO:root:time 2024-03-20T16:04:17 : 001450  annual_quarterly_financials_info 수집 불가 
INFO:root:time 2024-03-20T16:04:52 : 000540  annual_quarterly_financials_info 수집 불가 
INFO:root:time 2024-03-20T16:04:53 : 000545  annual_quarterly_financials_info 수집 불가 
