INFO:root:time 2024-03-19T12:57:34 : batch_ticker_list 함수가 실행되었습니다.
INFO:root:time 2024-03-19T14:40:18 : batch_ticker_list 함수가 실행되었습니다.
INFO:root:time 2024-03-19T14:41:15 : batch_ticker_list 함수가 실행되었습니다.
INFO:root:time 2024-03-19T14:59:38 : 기존 티커 삭제:{'003460', '002820', '248070', '002690', '192650', '001440', '089470', '000040', '000370', '058730'}
INFO:root:time 2024-03-19T15:10:28 : 기존 티커 삭제:{'003460', '002820', '248070', '002690', '192650', '001440', '089470', '000040', '000370', '058730'}
INFO:root:time 2024-03-19T15:11:35 : 기존 티커 삭제:{'003460', '002820', '248070', '002690', '192650', '001440', '089470', '000040', '000370', '058730'}
INFO:root:time 2024-03-19T15:20:01 : 티커 생성, 삭제 작업 시작
INFO:root:time 2024-03-19T15:22:45 : 티커 생성, 삭제 작업 시작
INFO:root:time 2024-03-19T15:22:49 : 티커 생성, 삭제 작업 종료
INFO:root:time 2024-03-19T15:28:26 : 티커 생성, 삭제 작업 시작
INFO:root:time 2024-03-19T15:28:29 : 티커 생성, 삭제 작업 종료
INFO:root:time 2024-03-19T15:28:51 : 티커 생성, 삭제 작업 시작
INFO:root:time 2024-03-19T15:28:55 : 티커 생성, 삭제 작업 종료
INFO:root:time 2024-03-19T15:29:49 : 티커 생성, 삭제 작업 시작
INFO:root:time 2024-03-19T15:29:53 : 티커 생성, 삭제 작업 종료
INFO:root:time 2024-03-19T15:31:19 : batch_ticker_list 시작 : ticker 명 변경 내역 조정 작업 
INFO:root:time 2024-03-19T15:31:22 : batch_ticker_list 종료 : ticker 명 변경 내역 조정 작업 
INFO:root:time 2024-03-19T15:31:47 : arange_ticker_list 시작 : 티커 생성, 삭제 작업 시작
INFO:root:time 2024-03-19T15:31:48 : arange_ticker_list 종료 : 티커 생성, 삭제 작업 종료
INFO:root:time 2024-03-19T15:31:48 : batch_ticker_list 시작 : ticker 명 변경 내역 조정 작업 
INFO:root:time 2024-03-19T15:31:51 : batch_ticker_list 종료 : ticker 명 변경 내역 조정 작업 
INFO:root:time 2024-03-19T15:59:44 : arange_ticker_list 시작 : 티커 생성, 삭제 작업 시작
INFO:root:time 2024-03-19T15:59:44 : 신규 티커 추가:{'006060', '298020', '000545', '011210', '057050', '227840', '008770', '004800', '298000', '378850', '005870', '005389', '005010', '002460', '017800', '126560', '241590', '005440', '081660', '003010', '001500', '011760', '010660', '005385', '094280', '010690', '093240', '013520', '004310', '032560', '005380', '004020', '298040', '001450', '133820', '298050', '307950', '000850', '079980', '093370', '111110', '005387', '000540', '003280', '016580', '008775'}
INFO:root:time 2024-03-19T15:59:44 : arange_ticker_list 종료 : 티커 생성, 삭제 작업 종료
INFO:root:time 2024-03-19T15:59:44 : batch_ticker_list 시작 : ticker 명 변경 내역 조정 작업 
INFO:root:time 2024-03-19T16:00:11 : batch_ticker_list 시작 : ticker 명 변경 내역 조정 작업 
INFO:root:time 2024-03-19T16:00:11 : batch_ticker_list 종료 : ticker 명 변경 내역 조정 작업 
INFO:root:time 2024-03-19T16:00:11 : arange_ticker_list 시작 : 티커 생성, 삭제 작업 시작
INFO:root:time 2024-03-19T16:00:12 : arange_ticker_list 종료 : 티커 생성, 삭제 작업 종료
INFO:root:time 2024-03-19T16:00:38 : batch_ticker_list 시작 : ticker 명 변경 내역 조정 작업 
INFO:root:time 2024-03-19T16:00:58 : arange_ticker_list 시작 : 티커 생성, 삭제 작업 시작
INFO:root:time 2024-03-19T16:00:59 : 신규 티커 추가:{'006060', '298020', '000545', '011210', '057050', '227840', '008770', '004800', '298000', '064350', '378850', '005870', '010620', '012330', '005389', '005010', '002460', '017800', '126560', '241590', '005440', '081660', '003010', '001500', '011760', '010660', '005385', '094280', '010690', '093240', '013520', '004310', '004560', '032560', '004020', '005380', '298040', '001450', '133820', '079430', '069960', '298050', '307950', '000850', '079980', '093370', '111110', '005387', '000540', '003280', '016580', '008775'}
INFO:root:time 2024-03-19T16:00:59 : arange_ticker_list 종료 : 티커 생성, 삭제 작업 종료
INFO:root:time 2024-03-19T16:01:50 : batch_ticker_list 시작 : ticker 명 변경 내역 조정 작업 
INFO:root:time 2024-03-19T16:06:29 : batch_ticker_list 시작 : ticker 명 변경 내역 조정 작업 
INFO:root:time 2024-03-19T16:07:08 : batch_ticker_list 시작 : ticker 명 변경 내역 조정 작업 
INFO:root:time 2024-03-19T16:08:33 : arange_ticker_list 시작 : 티커 생성, 삭제 작업 시작
INFO:root:time 2024-03-19T16:08:33 : arange_ticker_list 종료 : 티커 생성, 삭제 작업 종료
INFO:root:time 2024-03-19T16:08:34 : batch_ticker_list 시작 : ticker 명 변경 내역 조정 작업 
INFO:root:time 2024-03-19T16:08:38 : batch_ticker_list 종료 : ticker 명 변경 내역 조정 작업 
INFO:root:time 2024-03-19T16:18:57 : batch_ticker_list 시작 : ticker 명 변경 내역 조정 작업 
INFO:root:time 2024-03-19T16:20:27 : arange_ticker_list 시작 : 티커 생성, 삭제 작업 시작
INFO:root:time 2024-03-19T16:20:28 : 신규 티커 추가:{'010660', '298050', '079980', '005380', '004020', '057050', '005010', '008770', '069960', '011210', '004800', '005387', '126560', '003010', '000545', '378850', '227840', '093240', '003280', '010690', '298020', '005389', '453340', '012330', '298000', '079430', '011760', '002460', '005440', '064350', '010620', '094280', '013520', '004560', '081660', '004310', '016580', '001450', '005385', '001500', '086280', '298040', '006060', '093370', '000540', '307950', '000850', '005870', '111110', '133820', '032560', '241590', '017800'}
INFO:root:time 2024-03-19T16:20:28 : arange_ticker_list 종료 : 티커 생성, 삭제 작업 종료
INFO:root:time 2024-03-19T16:20:53 : batch_ticker_list 시작 : ticker 명 변경 내역 조정 작업 
INFO:root:time 2024-03-19T16:35:16 : batch_ticker_list 시작 : ticker 명 변경 내역 조정 작업 
INFO:root:time 2024-03-19T16:42:44 : batch_ticker_list 시작 : ticker 명 변경 내역 조정 작업 
INFO:root:time 2024-03-19T16:43:19 : batch_ticker_list 시작 : ticker 명 변경 내역 조정 작업 
INFO:root:time 2024-03-19T16:44:06 : batch_ticker_list 시작 : ticker 명 변경 내역 조정 작업 
INFO:root:time 2024-03-19T16:45:51 : batch_ticker_list 시작 : ticker 명 변경 내역 조정 작업 
INFO:root:time 2024-03-19T16:46:41 : batch_ticker_list 시작 : ticker 명 변경 내역 조정 작업 
INFO:root:time 2024-03-19T16:46:41 : batch_ticker_list 종료 : ticker 명 변경 내역 조정 작업 
INFO:root:time 2024-03-19T16:47:09 : arange_ticker_list 시작 : 티커 생성, 삭제 작업 시작
INFO:root:time 2024-03-19T16:47:09 : 신규 티커 추가:{'000540', '453340', '016580', '006060', '069960', '307950', '002460', '003280', '057050', '079430', '008770', '000545', '298020', '004800', '094280', '126560', '005870', '064350', '227840', '298050', '086280', '005440', '005389', '000850', '010690', '001450', '111110', '011210', '011760', '003010', '005385', '241590', '010660', '004020', '001500', '005380', '133820', '093370', '079980', '093240', '378850', '298040', '012330', '005010', '081660', '010620', '032560', '004310', '013520', '005387', '298000', '004560'}
INFO:root:time 2024-03-19T16:47:09 : arange_ticker_list 종료 : 티커 생성, 삭제 작업 종료
INFO:root:time 2024-03-19T16:47:09 : batch_ticker_list 시작 : ticker 명 변경 내역 조정 작업 
INFO:root:time 2024-03-19T16:47:09 : batch_ticker_list 종료 : ticker 명 변경 내역 조정 작업 
INFO:root:time 2024-03-19T16:47:46 : arange_ticker_list 시작 : 티커 생성, 삭제 작업 시작
INFO:root:time 2024-03-19T16:47:46 : 신규 티커 추가:{'000540', '453340', '016580', '006060', '069960', '307950', '002460', '003280', '057050', '079430', '008770', '000545', '298020', '004800', '094280', '126560', '005870', '064350', '227840', '298050', '086280', '005440', '005389', '000850', '010690', '001450', '111110', '011210', '011760', '003010', '005385', '241590', '010660', '004020', '001500', '005380', '133820', '093370', '079980', '093240', '378850', '298040', '012330', '005010', '081660', '010620', '032560', '004310', '013520', '005387', '298000', '004560'}
INFO:root:time 2024-03-19T16:47:46 : arange_ticker_list 종료 : 티커 생성, 삭제 작업 종료
INFO:root:time 2024-03-19T16:47:46 : batch_ticker_list 시작 : ticker 명 변경 내역 조정 작업 
INFO:root:time 2024-03-19T16:47:47 : batch_ticker_list 종료 : ticker 명 변경 내역 조정 작업 
INFO:root:time 2024-03-19T16:47:58 : batch_ticker_list 시작 : ticker 명 변경 내역 조정 작업 
INFO:root:time 2024-03-19T16:47:59 : batch_ticker_list 종료 : ticker 명 변경 내역 조정 작업 
INFO:root:time 2024-03-19T16:48:37 : arange_ticker_list 시작 : 티커 생성, 삭제 작업 시작
INFO:root:time 2024-03-19T16:48:38 : 신규 티커 추가:{'000540', '453340', '016580', '006060', '069960', '307950', '002460', '003280', '057050', '079430', '008770', '000545', '298020', '004800', '094280', '126560', '005870', '064350', '227840', '298050', '086280', '005440', '005389', '000850', '010690', '001450', '111110', '011210', '011760', '003010', '005385', '241590', '010660', '004020', '001500', '005380', '133820', '093370', '079980', '093240', '378850', '298040', '012330', '005010', '081660', '010620', '032560', '004310', '013520', '005387', '298000', '004560'}
INFO:root:time 2024-03-19T16:48:38 : arange_ticker_list 종료 : 티커 생성, 삭제 작업 종료
INFO:root:time 2024-03-19T16:49:15 : arange_ticker_list 시작 : 티커 생성, 삭제 작업 시작
INFO:root:time 2024-03-19T16:49:15 : 신규 티커 추가:{'003010', '010660', '082740', '003535', '298040', '272210', '378850', '079430', '094280', '004800', '002460', '006060', '081660', '004020', '143210', '016580', '003280', '111110', '005389', '042660', '000720', '298050', '195870', '064350', '133820', '069960', '126560', '241590', '307950', '001500', '011760', '017800', '298020', '012450', '298000', '013520', '003530', '453340', '009835', '005385', '000540', '000885', '093370', '010690', '004310', '101530', '057050', '000850', '000545', '005010', '079980', '010620', '032560', '009830', '000725', '005440', '093240', '001450', '012330', '005870', '008770', '000370', '005380', '011210', '227840', '088350', '005387', '086280', '008775'}
INFO:root:time 2024-03-19T16:49:18 : arange_ticker_list 종료 : 티커 생성, 삭제 작업 종료
INFO:root:time 2024-03-19T16:49:18 : batch_ticker_list 시작 : ticker 명 변경 내역 조정 작업 
INFO:root:time 2024-03-19T16:49:19 : batch_ticker_list 종료 : ticker 명 변경 내역 조정 작업 
INFO:root:time 2024-03-19T16:49:40 : arange_ticker_list 시작 : 티커 생성, 삭제 작업 시작
INFO:root:time 2024-03-19T16:49:40 : 신규 티커 추가:{'003010', '010660', '082740', '003535', '298040', '272210', '378850', '079430', '094280', '004800', '002460', '006060', '081660', '004020', '143210', '016580', '003280', '111110', '005389', '042660', '000720', '298050', '195870', '064350', '133820', '069960', '126560', '241590', '307950', '001500', '011760', '017800', '298020', '012450', '298000', '013520', '003530', '453340', '009835', '005385', '000540', '000885', '093370', '010690', '004310', '101530', '057050', '000850', '000545', '005010', '079980', '010620', '032560', '009830', '000725', '005440', '093240', '001450', '012330', '005870', '008770', '000370', '005380', '011210', '227840', '088350', '005387', '086280', '008775'}
INFO:root:time 2024-03-19T16:49:40 : arange_ticker_list 종료 : 티커 생성, 삭제 작업 종료
INFO:root:time 2024-03-19T16:49:40 : batch_ticker_list 시작 : ticker 명 변경 내역 조정 작업 
INFO:root:time 2024-03-19T16:49:41 : batch_ticker_list 종료 : ticker 명 변경 내역 조정 작업 
INFO:root:time 2024-03-19T16:50:05 : batch_ticker_list 시작 : ticker 명 변경 내역 조정 작업 
INFO:root:time 2024-03-19T16:50:05 : batch_ticker_list 종료 : ticker 명 변경 내역 조정 작업 
INFO:root:time 2024-03-19T16:50:05 : arange_ticker_list 시작 : 티커 생성, 삭제 작업 시작
INFO:root:time 2024-03-19T16:50:05 : 신규 티커 추가:{'003010', '010660', '082740', '003535', '298040', '272210', '378850', '079430', '094280', '004800', '002460', '006060', '081660', '004020', '143210', '016580', '003280', '111110', '005389', '042660', '000720', '298050', '195870', '064350', '133820', '069960', '126560', '241590', '307950', '001500', '011760', '017800', '298020', '012450', '298000', '013520', '003530', '453340', '009835', '005385', '000540', '000885', '093370', '010690', '004310', '101530', '057050', '000850', '000545', '005010', '079980', '010620', '032560', '009830', '000725', '005440', '093240', '001450', '012330', '005870', '008770', '000370', '005380', '011210', '227840', '088350', '005387', '086280', '008775'}
INFO:root:time 2024-03-19T16:50:05 : arange_ticker_list 종료 : 티커 생성, 삭제 작업 종료
INFO:root:time 2024-03-19T16:50:51 : batch_ticker_list 시작 : ticker 명 변경 내역 조정 작업 
INFO:root:time 2024-03-19T16:50:51 : batch_ticker_list 종료 : ticker 명 변경 내역 조정 작업 
INFO:root:time 2024-03-19T16:50:51 : arange_ticker_list 시작 : 티커 생성, 삭제 작업 시작
INFO:root:time 2024-03-19T16:50:51 : 신규 티커 추가:{'272210', '079430', '094280', '002460', '006060', '180640', '111110', '195870', '001500', '003530', '002320', '009835', '005385', '010690', '000545', '005010', '079980', '009460', '009830', '453340', '010660', '082740', '378850', '004020', '005389', '143210', '452260', '069960', '126560', '241590', '307950', '298020', '000885', '093370', '004310', '052690', '057050', '45226K', '093240', '012330', '004560', '001450', '086280', '003010', '298040', '004800', '081660', '372910', '016580', '064350', '017800', '012450', '298000', '013520', '000540', '000880', '101530', '451800', '003480', '005110', '000370', '227840', '003535', '003280', '042660', '000720', '298050', '133820', '18064K', '011760', '000850', '010620', '032560', '000725', '005440', '005870', '008770', '005380', '011210', '088350', '130660', '005387', '00088K'}
INFO:root:time 2024-03-19T16:50:51 : arange_ticker_list 종료 : 티커 생성, 삭제 작업 종료
